<?xml version="1.0" encoding="UTF-8"?>
<testsuites name="Mocha Tests" time="0.0910" tests="2" failures="1">
  <testsuite name="Root Suite" timestamp="2021-02-05T20:54:16" tests="0" file="cypress/integration/featureOne.test.js" time="0.0000" failures="0">
  </testsuite>
  <testsuite name="feature one" timestamp="2021-02-05T20:54:16" tests="2" time="0.0910" failures="1">
    <testcase name="feature one visits the page" time="0.0910" classname="visits the page">
    </testcase>
    <testcase name="feature one fails this test" time="0.0000" classname="fails this test">
      <failure message="expected 2 to equal &apos;foo&apos;" type="AssertionError"><![CDATA[AssertionError: expected 2 to equal 'foo'
    at Context.eval (http://localhost:63936/__cypress/tests?p=cypress/integration/featureOne.test.js:104:18)]]></failure>
    </testcase>
  </testsuite>
</testsuites>