<?xml version="1.0" encoding="UTF-8"?>
<testsuites name="Mocha Tests" time="0.0000" tests="1" failures="1">
  <testsuite name="Root Suite" timestamp="2021-02-05T20:54:19" tests="0" file="cypress/integration/featureTwo.test.js" time="0.0000" failures="0">
  </testsuite>
  <testsuite name="feature two" timestamp="2021-02-05T20:54:19" tests="1" time="0.0000" failures="1">
    <testcase name="feature two has a main header" time="0.0000" classname="has a main header">
      <failure message="Timed out retrying after 4000ms: Expected to find element: `h1`, but never found it." type="AssertionError"><![CDATA[AssertionError: Timed out retrying after 4000ms: Expected to find element: `h1`, but never found it.
    at Context.eval (http://localhost:63936/__cypress/tests?p=cypress/integration/featureTwo.test.js:102:8)]]></failure>
    </testcase>
  </testsuite>
</testsuites>